INFO:root:Подключение к базе данных по адресу sqlite:///db/database.db?check_same_thread=False
INFO:aiogram.dispatcher:Start polling
INFO:aiogram.dispatcher:Run polling for bot @yourpodcastbot id=6383360506 - 'Audio Cast'
INFO:root:Created new user: telegram id - 5707018648
INFO:aiogram.event:Update id=346704589 is handled. Duration 391 ms by bot id=6383360506
INFO:aiogram.event:Update id=346704590 is handled. Duration 108 ms by bot id=6383360506
INFO:aiogram.event:Update id=346704591 is handled. Duration 125 ms by bot id=6383360506
INFO:aiogram.event:Update id=346704592 is handled. Duration 218 ms by bot id=6383360506
INFO:aiogram.event:Update id=346704593 is handled. Duration 219 ms by bot id=6383360506
INFO:aiogram.event:Update id=346704594 is handled. Duration 343 ms by bot id=6383360506
DEBUG:root:[youtube] Extracting URL: https://www.youtube.com/watch?v=piFwSxvZK0U
DEBUG:root:[youtube] piFwSxvZK0U: Downloading webpage
DEBUG:root:[youtube] piFwSxvZK0U: Downloading ios player API JSON
DEBUG:root:[youtube] piFwSxvZK0U: Downloading android player API JSON
DEBUG:root:[youtube] piFwSxvZK0U: Downloading m3u8 information
DEBUG:root:[youtube] Extracting URL: https://www.youtube.com/watch?v=piFwSxvZK0U
DEBUG:root:[youtube] piFwSxvZK0U: Downloading webpage
DEBUG:root:[youtube] piFwSxvZK0U: Downloading ios player API JSON
DEBUG:root:[youtube] piFwSxvZK0U: Downloading android player API JSON
DEBUG:root:[youtube] piFwSxvZK0U: Downloading m3u8 information
DEBUG:root:[info] piFwSxvZK0U: Downloading 1 format(s): 139
WARNING:root:piFwSxvZK0U: writing DASH m4a. Only some players support this container. Install ffmpeg to fix this automatically
DEBUG:urllib3.connectionpool:Starting new HTTPS connection (1): i.ytimg.com:443
DEBUG:urllib3.connectionpool:https://i.ytimg.com:443 "GET /vi/piFwSxvZK0U/hqdefault.jpg?sqp=-oaymwEjCPYBEIoBSFryq4qpAxUIARUAAAAAGAElAADIQj0AgKJDeAE=&rs=AOn4CLBBxaKBgR7jmz2veokK6XixM2QO_A HTTP/1.1" 200 9296
INFO:root:Delete file: 10 Minutes of LaMelo Ball Dribbling 🔥.jpg
INFO:root:Delete file: 10 Minutes of LaMelo Ball Dribbling 🔥.m4a
INFO:aiogram.event:Update id=346704595 is handled. Duration 8015 ms by bot id=6383360506
INFO:aiogram.event:Update id=346704596 is handled. Duration 437 ms by bot id=6383360506
INFO:aiogram.event:Update id=346704597 is handled. Duration 280 ms by bot id=6383360506
INFO:aiogram.event:Update id=346704598 is handled. Duration 187 ms by bot id=6383360506
INFO:aiogram.event:Update id=346704599 is handled. Duration 234 ms by bot id=6383360506
INFO:aiogram.event:Update id=346704600 is handled. Duration 140 ms by bot id=6383360506
INFO:aiogram.event:Update id=346704601 is handled. Duration 234 ms by bot id=6383360506
INFO:aiogram.event:Update id=346704602 is handled. Duration 171 ms by bot id=6383360506
INFO:aiogram.event:Update id=346704603 is handled. Duration 187 ms by bot id=6383360506
INFO:aiogram.event:Update id=346704604 is handled. Duration 219 ms by bot id=6383360506
INFO:aiogram.event:Update id=346704605 is handled. Duration 155 ms by bot id=6383360506
INFO:aiogram.event:Update id=346704606 is handled. Duration 125 ms by bot id=6383360506
DEBUG:root:[youtube] Extracting URL: https://www.youtube.com/watch?v=piFwSxvZK0U
DEBUG:root:[youtube] piFwSxvZK0U: Downloading webpage
DEBUG:root:[youtube] piFwSxvZK0U: Downloading ios player API JSON
DEBUG:root:[youtube] piFwSxvZK0U: Downloading android player API JSON
DEBUG:root:[youtube] piFwSxvZK0U: Downloading m3u8 information
DEBUG:root:[youtube] Extracting URL: https://www.youtube.com/watch?v=piFwSxvZK0U
DEBUG:root:[youtube] piFwSxvZK0U: Downloading webpage
DEBUG:root:[youtube] piFwSxvZK0U: Downloading ios player API JSON
DEBUG:root:[youtube] piFwSxvZK0U: Downloading android player API JSON
DEBUG:root:[youtube] piFwSxvZK0U: Downloading m3u8 information
DEBUG:root:[info] piFwSxvZK0U: Downloading 1 format(s): 139
WARNING:root:piFwSxvZK0U: writing DASH m4a. Only some players support this container. Install ffmpeg to fix this automatically
DEBUG:urllib3.connectionpool:Starting new HTTPS connection (1): i.ytimg.com:443
DEBUG:urllib3.connectionpool:https://i.ytimg.com:443 "GET /vi/piFwSxvZK0U/hqdefault.jpg?sqp=-oaymwEjCPYBEIoBSFryq4qpAxUIARUAAAAAGAElAADIQj0AgKJDeAE=&rs=AOn4CLBBxaKBgR7jmz2veokK6XixM2QO_A HTTP/1.1" 200 9296
INFO:root:Delete file: 10 Minutes of LaMelo Ball Dribbling 🔥.jpg
INFO:root:Delete file: 10 Minutes of LaMelo Ball Dribbling 🔥.m4a
INFO:aiogram.event:Update id=346704607 is handled. Duration 6422 ms by bot id=6383360506
INFO:aiogram.event:Update id=346704608 is handled. Duration 140 ms by bot id=6383360506
INFO:aiogram.event:Update id=346704609 is handled. Duration 108 ms by bot id=6383360506
INFO:aiogram.event:Update id=346704610 is handled. Duration 250 ms by bot id=6383360506
INFO:aiogram.event:Update id=346704611 is handled. Duration 141 ms by bot id=6383360506
INFO:aiogram.event:Update id=346704612 is handled. Duration 250 ms by bot id=6383360506
INFO:aiogram.event:Update id=346704613 is handled. Duration 125 ms by bot id=6383360506
INFO:aiogram.event:Update id=346704614 is handled. Duration 233 ms by bot id=6383360506
INFO:aiogram.event:Update id=346704615 is handled. Duration 421 ms by bot id=6383360506
INFO:aiogram.event:Update id=346704616 is handled. Duration 469 ms by bot id=6383360506
INFO:aiogram.event:Update id=346704617 is handled. Duration 250 ms by bot id=6383360506
DEBUG:root:[youtube] Extracting URL: https://www.youtube.com/watch?v=piFwSxvZK0U
DEBUG:root:[youtube] piFwSxvZK0U: Downloading webpage
DEBUG:root:[youtube] piFwSxvZK0U: Downloading ios player API JSON
DEBUG:root:[youtube] piFwSxvZK0U: Downloading android player API JSON
DEBUG:root:[youtube] piFwSxvZK0U: Downloading m3u8 information
DEBUG:root:[youtube] Extracting URL: https://www.youtube.com/watch?v=piFwSxvZK0U
DEBUG:root:[youtube] piFwSxvZK0U: Downloading webpage
DEBUG:root:[youtube] piFwSxvZK0U: Downloading ios player API JSON
DEBUG:root:[youtube] piFwSxvZK0U: Downloading android player API JSON
DEBUG:root:[youtube] piFwSxvZK0U: Downloading m3u8 information
DEBUG:root:[info] piFwSxvZK0U: Downloading 1 format(s): 139
WARNING:root:piFwSxvZK0U: writing DASH m4a. Only some players support this container. Install ffmpeg to fix this automatically
DEBUG:urllib3.connectionpool:Starting new HTTPS connection (1): i.ytimg.com:443
DEBUG:urllib3.connectionpool:https://i.ytimg.com:443 "GET /vi/piFwSxvZK0U/hqdefault.jpg?sqp=-oaymwEjCPYBEIoBSFryq4qpAxUIARUAAAAAGAElAADIQj0AgKJDeAE=&rs=AOn4CLBBxaKBgR7jmz2veokK6XixM2QO_A HTTP/1.1" 200 9296
INFO:root:Delete file: 10 Minutes of LaMelo Ball Dribbling 🔥.jpg
INFO:root:Delete file: 10 Minutes of LaMelo Ball Dribbling 🔥.m4a
INFO:aiogram.event:Update id=346704618 is handled. Duration 9406 ms by bot id=6383360506
INFO:aiogram.event:Update id=346704619 is handled. Duration 266 ms by bot id=6383360506
INFO:aiogram.event:Update id=346704620 is handled. Duration 328 ms by bot id=6383360506
DEBUG:root:[youtube] Extracting URL: https://www.youtube.com/watch?v=piFwSxvZK0U
DEBUG:root:[youtube] piFwSxvZK0U: Downloading webpage
DEBUG:root:[youtube] piFwSxvZK0U: Downloading ios player API JSON
DEBUG:root:[youtube] piFwSxvZK0U: Downloading android player API JSON
DEBUG:root:[youtube] piFwSxvZK0U: Downloading m3u8 information
DEBUG:root:[youtube] Extracting URL: https://www.youtube.com/watch?v=piFwSxvZK0U
DEBUG:root:[youtube] piFwSxvZK0U: Downloading webpage
WARNING:root:[youtube] Unable to download webpage: The read operation timed out
DEBUG:root:[youtube] piFwSxvZK0U: Downloading ios player API JSON
DEBUG:root:[youtube] piFwSxvZK0U: Downloading android player API JSON
DEBUG:root:[youtube] piFwSxvZK0U: Downloading iframe API JS
DEBUG:root:[youtube] piFwSxvZK0U: Downloading player f980f2a9
DEBUG:root:[youtube] piFwSxvZK0U: Downloading web player API JSON
DEBUG:root:[youtube] piFwSxvZK0U: Downloading m3u8 information
DEBUG:root:[youtube] piFwSxvZK0U: Downloading initial data API JSON
DEBUG:root:[info] piFwSxvZK0U: Downloading 1 format(s): 139
WARNING:root:piFwSxvZK0U: writing DASH m4a. Only some players support this container. Install ffmpeg to fix this automatically
DEBUG:urllib3.connectionpool:Starting new HTTPS connection (1): i.ytimg.com:443
DEBUG:urllib3.connectionpool:https://i.ytimg.com:443 "GET /vi/piFwSxvZK0U/hqdefault.jpg?sqp=-oaymwEjCPYBEIoBSFryq4qpAxUIARUAAAAAGAElAADIQj0AgKJDeAE=&rs=AOn4CLBBxaKBgR7jmz2veokK6XixM2QO_A HTTP/1.1" 200 9296
INFO:root:Delete file: 10 Minutes of LaMelo Ball Dribbling 🔥.jpg
INFO:root:Delete file: 10 Minutes of LaMelo Ball Dribbling 🔥.m4a
INFO:aiogram.event:Update id=346704621 is handled. Duration 32562 ms by bot id=6383360506
INFO:aiogram.dispatcher:Polling stopped
INFO:aiogram.dispatcher:Polling stopped for bot @yourpodcastbot id=6383360506 - 'Audio Cast'
INFO:root:Программа завершена
